irun(64): 15.20-s051: (c) Copyright 1995-2018 Cadence Design Systems, Inc.
TOOL:	irun(64)	15.20-s051: Started on Feb 11, 2019 at 20:46:36 IST
irun
	-access +rwc
	-f compile_list.f
		./../../RTL/grant_arbiter.sv
		./../../RTL/rate_limiter_16to8.sv
		./../../RTL/sch_ctrl_fsm.sv
		./../../RTL/scheduler_reg_config.sv
		./../UVME/uvm_pkg/test_pkg.sv
		./../UVME/top/ulss_top.sv
		./../UVME/top/ulss_interface.sv
	-uvmhome CDNS-1.1d
	+UVM_TESTNAME=stream_fifteen_test
Recompiling... reason: file '../UVME/tests/stream_eight_test.sv' is newer than expected.
	expected: Mon Feb 11 20:44:59 2019
	actual:   Mon Feb 11 20:46:32 2019
Compiling UVM packages (uvm_pkg.sv cdns_uvm_pkg.sv) using uvmhome location /tools/cadence/INCISIVE152/tools/methodology/UVM/CDNS-1.1d
file: ./../UVME/uvm_pkg/test_pkg.sv
package test_pkg;
               |
ncvlog: *W,TSNSPK (./../UVME/uvm_pkg/test_pkg.sv,1|15): `timescale is not specified for the package.  The default timescale of 1ns/1ns will be assumed for this package.
file: ./../UVME/top/ulss_top.sv
     int wait_timeout_cycles =36000;       // Default for regular tests
                             |
ncvlog: *W,VARIST (./../UVME/top/ulss_top.sv,165|29): Local static variable with initializer requires 'static' keyword.
  int simulation_timeout_cycles = 36000;
                                |
ncvlog: *W,VARIST (./../UVME/top/ulss_top.sv,166|32): Local static variable with initializer requires 'static' keyword.
		Caching library 'worklib' ....... Done
	Elaborating the design hierarchy:
	Top level design units:
		uvm_pkg
		cdns_uvmapi
		cdns_assert2uvm_pkg
		cdns_uvm_pkg
		test_pkg
		ulss_top
ncelab: *W,DSEMEL: This SystemVerilog design will be simulated as per IEEE 1800-2009 SystemVerilog simulation semantics. Use -disable_sem2009 option for turning off SV 2009 simulation semantics.
	Building instance overlay tables: .................... Done
	Building instance specific data structures.
	Loading native compiled code:     .................... Done
	Design hierarchy summary:
		                       Instances  Unique
		Modules:                       8       5
		Interfaces:                    1       1
		Verilog packages:              5       5
		Registers:                 18245   12542
		Scalar wires:                472       -
		Vectored wires:              298       -
		Named events:                  4      12
		Always blocks:               142      37
		Initial blocks:              506     232
		Parallel blocks:              28      29
		Cont. assignments:           312     117
		Pseudo assignments:          254     254
		Assertions:                    2       2
		Covergroup Instances:          0       1
		SV Class declarations:       272     385
		SV Class specializations:    528     528
	Writing initial simulation snapshot: worklib.ulss_top:sv
Loading snapshot worklib.ulss_top:sv .................... Done
SVSEED default: 1
ncsim: *W,DSEM2009: This SystemVerilog design is simulated as per IEEE 1800-2009 SystemVerilog simulation semantics. Use -disable_sem2009 option for turning off SV 2009 simulation semantics.
ncsim> source /tools/cadence/INCISIVE152/tools/inca/files/ncsimrc
ncsim> source /tools/cadence/INCISIVE152/tools/methodology/UVM/CDNS-1.1d/additions/sv/files/tcl/uvm_sim.tcl
ncsim> run
----------------------------------------------------------------
CDNS-UVM-1.1d (15.20-s051)
(C) 2007-2013 Mentor Graphics Corporation
(C) 2007-2013 Cadence Design Systems, Inc.
(C) 2006-2013 Synopsys, Inc.
(C) 2011-2013 Cypress Semiconductor Corp.
----------------------------------------------------------------

  ***********       IMPORTANT RELEASE NOTES         ************

  You are using a version of the UVM library that has been compiled
  with `UVM_NO_DEPRECATED undefined.
  See http://www.eda.org/svdb/view.php?id=3313 for more details.

  You are using a version of the UVM library that has been compiled
  with `UVM_OBJECT_MUST_HAVE_CONSTRUCTOR undefined.
  See http://www.eda.org/svdb/view.php?id=3770 for more details.

      (Specify +UVM_NO_RELNOTES to turn off this notice)

UVM_INFO @ 0: reporter [RNTST] Running test stream_fifteen_test...
UVM_INFO ./../UVME/agent/ulss_driver.sv(46) @ 0: uvm_test_top.env.ulss_agent.drv [ulss_driver] Using wait_timeout_cycles=16, simulation_timeout_cycles=100000
UVM_INFO @ 0: reporter [UVMTOP] UVM testbench topology:
------------------------------------------------------------------------
Name                               Type                    Size  Value  
------------------------------------------------------------------------
uvm_test_top                       stream_fifteen_test     -     @2901  
  env                              ulss_env                -     @2966  
    cov                            ulss_coverage           -     @3045  
      analysis_imp                 uvm_analysis_imp        -     @3094  
    ulss_agent                     ulss_agent              -     @3014  
      drv                          ulss_driver             -     @3132  
        rsp_port                   uvm_analysis_port       -     @3232  
        seq_item_port              uvm_seq_item_pull_port  -     @3181  
        wait_timeout_cycles        integral                32    'h10   
        simulation_timeout_cycles  integral                32    'h186a0
      mon                          ulss_monitor            -     @3211  
        analysis_port              uvm_analysis_port       -     @3977  
      sqr                          ulss_sequencer          -     @3292  
        rsp_export                 uvm_analysis_export     -     @3350  
        seq_item_export            uvm_seq_item_pull_imp   -     @3898  
        arbitration_queue          array                   0     -      
        lock_queue                 array                   0     -      
        num_last_reqs              integral                32    'd1    
        num_last_rsps              integral                32    'd1    
------------------------------------------------------------------------

UVM_INFO ./../UVME/tests/stream_fifteen_test.sv(23) @ 0: uvm_test_top [uvm_test_top] it test first line
UVM_INFO ./../UVME/tests/stream_fifteen_test.sv(25) @ 0: uvm_test_top [stream_fifteen_test] inside the packet_count_limit_stream_fifteen_sequence_instuence_inst test
UVM_INFO ./../UVME/sequence/stream_fifteen_sequence.sv(35) @ 0: uvm_test_top.env.ulss_agent.sqr@@stream_fifteen_sequence_inst [stream_fifteen_sequence] stream_fifteen_sequence: Starting test with a single stream mapping
UVM_INFO ./../UVME/agent/ulss_driver.sv(187) @ 56: uvm_test_top.env.ulss_agent.drv [ulss_driver] [DRV] WRITE ADDR=3 DATA=0x8000
UVM_INFO ./../UVME/agent/ulss_monitor.sv(47) @ 58: uvm_test_top.env.ulss_agent.mon [ulss_monitor] [MON] Register write: ENABLE=1 ADDR=0x3 DATA=0x8000
UVM_WARNING ./../UVME/agent/ulss_driver.sv(345) @ 130: uvm_test_top.env.ulss_agent.drv [ulss_driver] Timeout waiting for pck_rd_en_grnt_0 after 16 cycles - attempting recovery
UVM_ERROR ./../UVME/agent/ulss_driver.sv(395) @ 138: uvm_test_top.env.ulss_agent.drv [ulss_driver] Recovery failed for pck_rd_en_grnt_0 - skipping packet
UVM_WARNING ./../UVME/agent/ulss_driver.sv(345) @ 202: uvm_test_top.env.ulss_agent.drv [ulss_driver] Timeout waiting for pck_rd_en_grnt_1 after 16 cycles - attempting recovery
UVM_ERROR ./../UVME/agent/ulss_driver.sv(395) @ 210: uvm_test_top.env.ulss_agent.drv [ulss_driver] Recovery failed for pck_rd_en_grnt_1 - skipping packet
UVM_WARNING ./../UVME/agent/ulss_driver.sv(345) @ 274: uvm_test_top.env.ulss_agent.drv [ulss_driver] Timeout waiting for pck_rd_en_grnt_3 after 16 cycles - attempting recovery
UVM_ERROR ./../UVME/agent/ulss_driver.sv(395) @ 282: uvm_test_top.env.ulss_agent.drv [ulss_driver] Recovery failed for pck_rd_en_grnt_3 - skipping packet
UVM_WARNING ./../UVME/agent/ulss_driver.sv(345) @ 346: uvm_test_top.env.ulss_agent.drv [ulss_driver] Timeout waiting for pck_rd_en_grnt_4 after 16 cycles - attempting recovery
UVM_ERROR ./../UVME/agent/ulss_driver.sv(395) @ 354: uvm_test_top.env.ulss_agent.drv [ulss_driver] Recovery failed for pck_rd_en_grnt_4 - skipping packet
UVM_WARNING ./../UVME/agent/ulss_driver.sv(345) @ 418: uvm_test_top.env.ulss_agent.drv [ulss_driver] Timeout waiting for pck_rd_en_grnt_6 after 16 cycles - attempting recovery
UVM_ERROR ./../UVME/agent/ulss_driver.sv(395) @ 426: uvm_test_top.env.ulss_agent.drv [ulss_driver] Recovery failed for pck_rd_en_grnt_6 - skipping packet
UVM_WARNING ./../UVME/agent/ulss_driver.sv(345) @ 490: uvm_test_top.env.ulss_agent.drv [ulss_driver] Timeout waiting for pck_rd_en_grnt_7 after 16 cycles - attempting recovery
UVM_ERROR ./../UVME/agent/ulss_driver.sv(395) @ 498: uvm_test_top.env.ulss_agent.drv [ulss_driver] Recovery failed for pck_rd_en_grnt_7 - skipping packet
UVM_WARNING ./../UVME/agent/ulss_driver.sv(345) @ 562: uvm_test_top.env.ulss_agent.drv [ulss_driver] Timeout waiting for pck_rd_en_grnt_8 after 16 cycles - attempting recovery
UVM_ERROR ./../UVME/agent/ulss_driver.sv(395) @ 570: uvm_test_top.env.ulss_agent.drv [ulss_driver] Recovery failed for pck_rd_en_grnt_8 - skipping packet
UVM_WARNING ./../UVME/agent/ulss_driver.sv(345) @ 634: uvm_test_top.env.ulss_agent.drv [ulss_driver] Timeout waiting for pck_rd_en_grnt_9 after 16 cycles - attempting recovery
UVM_ERROR ./../UVME/agent/ulss_driver.sv(395) @ 642: uvm_test_top.env.ulss_agent.drv [ulss_driver] Recovery failed for pck_rd_en_grnt_9 - skipping packet
UVM_WARNING ./../UVME/agent/ulss_driver.sv(345) @ 706: uvm_test_top.env.ulss_agent.drv [ulss_driver] Timeout waiting for pck_rd_en_grnt_10 after 16 cycles - attempting recovery
UVM_ERROR ./../UVME/agent/ulss_driver.sv(395) @ 714: uvm_test_top.env.ulss_agent.drv [ulss_driver] Recovery failed for pck_rd_en_grnt_10 - skipping packet
UVM_WARNING ./../UVME/agent/ulss_driver.sv(345) @ 778: uvm_test_top.env.ulss_agent.drv [ulss_driver] Timeout waiting for pck_rd_en_grnt_12 after 16 cycles - attempting recovery
UVM_ERROR ./../UVME/agent/ulss_driver.sv(395) @ 786: uvm_test_top.env.ulss_agent.drv [ulss_driver] Recovery failed for pck_rd_en_grnt_12 - skipping packet
UVM_INFO ./../UVME/sequence/stream_fifteen_sequence.sv(64) @ 790: uvm_test_top.env.ulss_agent.sqr@@stream_fifteen_sequence_inst [stream_fifteen_sequence] OUT_STREAM_3_REG configured with value 0x8000
UVM_INFO ./../UVME/agent/ulss_driver.sv(187) @ 810: uvm_test_top.env.ulss_agent.drv [ulss_driver] [DRV] WRITE ADDR=19 DATA=0x1000f
UVM_INFO ./../UVME/agent/ulss_monitor.sv(47) @ 814: uvm_test_top.env.ulss_agent.mon [ulss_monitor] [MON] Register write: ENABLE=1 ADDR=0x13 DATA=0x1000f
UVM_WARNING ./../UVME/agent/ulss_driver.sv(345) @ 886: uvm_test_top.env.ulss_agent.drv [ulss_driver] Timeout waiting for pck_rd_en_grnt_1 after 16 cycles - attempting recovery
UVM_ERROR ./../UVME/agent/ulss_driver.sv(395) @ 894: uvm_test_top.env.ulss_agent.drv [ulss_driver] Recovery failed for pck_rd_en_grnt_1 - skipping packet
UVM_WARNING ./../UVME/agent/ulss_driver.sv(345) @ 958: uvm_test_top.env.ulss_agent.drv [ulss_driver] Timeout waiting for pck_rd_en_grnt_3 after 16 cycles - attempting recovery
UVM_ERROR ./../UVME/agent/ulss_driver.sv(395) @ 966: uvm_test_top.env.ulss_agent.drv [ulss_driver] Recovery failed for pck_rd_en_grnt_3 - skipping packet
UVM_WARNING ./../UVME/agent/ulss_driver.sv(345) @ 1030: uvm_test_top.env.ulss_agent.drv [ulss_driver] Timeout waiting for pck_rd_en_grnt_5 after 16 cycles - attempting recovery
UVM_ERROR ./../UVME/agent/ulss_driver.sv(395) @ 1038: uvm_test_top.env.ulss_agent.drv [ulss_driver] Recovery failed for pck_rd_en_grnt_5 - skipping packet
UVM_WARNING ./../UVME/agent/ulss_driver.sv(345) @ 1102: uvm_test_top.env.ulss_agent.drv [ulss_driver] Timeout waiting for pck_rd_en_grnt_7 after 16 cycles - attempting recovery
UVM_ERROR ./../UVME/agent/ulss_driver.sv(395) @ 1110: uvm_test_top.env.ulss_agent.drv [ulss_driver] Recovery failed for pck_rd_en_grnt_7 - skipping packet
UVM_WARNING ./../UVME/agent/ulss_driver.sv(345) @ 1174: uvm_test_top.env.ulss_agent.drv [ulss_driver] Timeout waiting for pck_rd_en_grnt_8 after 16 cycles - attempting recovery
UVM_ERROR ./../UVME/agent/ulss_driver.sv(395) @ 1182: uvm_test_top.env.ulss_agent.drv [ulss_driver] Recovery failed for pck_rd_en_grnt_8 - skipping packet
UVM_WARNING ./../UVME/agent/ulss_driver.sv(345) @ 1246: uvm_test_top.env.ulss_agent.drv [ulss_driver] Timeout waiting for pck_rd_en_grnt_10 after 16 cycles - attempting recovery
UVM_ERROR ./../UVME/agent/ulss_driver.sv(395) @ 1254: uvm_test_top.env.ulss_agent.drv [ulss_driver] Recovery failed for pck_rd_en_grnt_10 - skipping packet
UVM_WARNING ./../UVME/agent/ulss_driver.sv(345) @ 1318: uvm_test_top.env.ulss_agent.drv [ulss_driver] Timeout waiting for pck_rd_en_grnt_11 after 16 cycles - attempting recovery
UVM_ERROR ./../UVME/agent/ulss_driver.sv(395) @ 1326: uvm_test_top.env.ulss_agent.drv [ulss_driver] Recovery failed for pck_rd_en_grnt_11 - skipping packet
UVM_WARNING ./../UVME/agent/ulss_driver.sv(345) @ 1390: uvm_test_top.env.ulss_agent.drv [ulss_driver] Timeout waiting for pck_rd_en_grnt_14 after 16 cycles - attempting recovery
UVM_ERROR ./../UVME/agent/ulss_driver.sv(395) @ 1398: uvm_test_top.env.ulss_agent.drv [ulss_driver] Recovery failed for pck_rd_en_grnt_14 - skipping packet
UVM_INFO ./../UVME/sequence/stream_fifteen_sequence.sv(82) @ 1402: uvm_test_top.env.ulss_agent.sqr@@stream_fifteen_sequence_inst [stream_fifteen_sequence] IN_STREAM_15_REG configured with values: tokens=15, packets=1
UVM_INFO ./../UVME/sequence/stream_fifteen_sequence.sv(91) @ 1490: uvm_test_top.env.ulss_agent.sqr@@stream_fifteen_sequence_inst [stream_fifteen_sequence] Sent first word with SOP asserted
UVM_INFO ./../UVME/agent/ulss_driver.sv(302) @ 1498: uvm_test_top.env.ulss_agent.drv [ulss_driver] [DRV] Grant for stream 15 already active
UVM_INFO ./../UVME/sequence/stream_fifteen_sequence.sv(102) @ 1506: uvm_test_top.env.ulss_agent.sqr@@stream_fifteen_sequence_inst [stream_fifteen_sequence] Sent data word 1
UVM_INFO ./../UVME/agent/ulss_driver.sv(302) @ 1514: uvm_test_top.env.ulss_agent.drv [ulss_driver] [DRV] Grant for stream 15 already active
UVM_INFO ./../UVME/sequence/stream_fifteen_sequence.sv(102) @ 1522: uvm_test_top.env.ulss_agent.sqr@@stream_fifteen_sequence_inst [stream_fifteen_sequence] Sent data word 2
UVM_INFO ./../UVME/agent/ulss_driver.sv(302) @ 1530: uvm_test_top.env.ulss_agent.drv [ulss_driver] [DRV] Grant for stream 15 already active
UVM_INFO ./../UVME/sequence/stream_fifteen_sequence.sv(102) @ 1538: uvm_test_top.env.ulss_agent.sqr@@stream_fifteen_sequence_inst [stream_fifteen_sequence] Sent data word 3
UVM_INFO ./../UVME/agent/ulss_driver.sv(302) @ 1546: uvm_test_top.env.ulss_agent.drv [ulss_driver] [DRV] Grant for stream 15 already active
UVM_INFO ./../UVME/sequence/stream_fifteen_sequence.sv(102) @ 1554: uvm_test_top.env.ulss_agent.sqr@@stream_fifteen_sequence_inst [stream_fifteen_sequence] Sent data word 4
UVM_INFO ./../UVME/agent/ulss_driver.sv(302) @ 1562: uvm_test_top.env.ulss_agent.drv [ulss_driver] [DRV] Grant for stream 15 already active
UVM_INFO ./../UVME/sequence/stream_fifteen_sequence.sv(102) @ 1570: uvm_test_top.env.ulss_agent.sqr@@stream_fifteen_sequence_inst [stream_fifteen_sequence] Sent data word 5
UVM_INFO ./../UVME/agent/ulss_driver.sv(302) @ 1578: uvm_test_top.env.ulss_agent.drv [ulss_driver] [DRV] Grant for stream 15 already active
UVM_INFO ./../UVME/sequence/stream_fifteen_sequence.sv(102) @ 1586: uvm_test_top.env.ulss_agent.sqr@@stream_fifteen_sequence_inst [stream_fifteen_sequence] Sent data word 6
UVM_INFO ./../UVME/agent/ulss_driver.sv(302) @ 1594: uvm_test_top.env.ulss_agent.drv [ulss_driver] [DRV] Grant for stream 15 already active
UVM_INFO ./../UVME/sequence/stream_fifteen_sequence.sv(102) @ 1602: uvm_test_top.env.ulss_agent.sqr@@stream_fifteen_sequence_inst [stream_fifteen_sequence] Sent data word 7
UVM_INFO ./../UVME/agent/ulss_driver.sv(302) @ 1610: uvm_test_top.env.ulss_agent.drv [ulss_driver] [DRV] Grant for stream 15 already active
UVM_INFO ./../UVME/sequence/stream_fifteen_sequence.sv(102) @ 1618: uvm_test_top.env.ulss_agent.sqr@@stream_fifteen_sequence_inst [stream_fifteen_sequence] Sent data word 8
UVM_INFO ./../UVME/agent/ulss_driver.sv(302) @ 1626: uvm_test_top.env.ulss_agent.drv [ulss_driver] [DRV] Grant for stream 15 already active
UVM_INFO ./../UVME/sequence/stream_fifteen_sequence.sv(102) @ 1634: uvm_test_top.env.ulss_agent.sqr@@stream_fifteen_sequence_inst [stream_fifteen_sequence] Sent data word 9
UVM_INFO ./../UVME/agent/ulss_driver.sv(302) @ 1642: uvm_test_top.env.ulss_agent.drv [ulss_driver] [DRV] Grant for stream 15 already active
UVM_INFO ./../UVME/sequence/stream_fifteen_sequence.sv(102) @ 1650: uvm_test_top.env.ulss_agent.sqr@@stream_fifteen_sequence_inst [stream_fifteen_sequence] Sent data word 10
UVM_INFO ./../UVME/agent/ulss_driver.sv(302) @ 1658: uvm_test_top.env.ulss_agent.drv [ulss_driver] [DRV] Grant for stream 15 already active
UVM_INFO ./../UVME/sequence/stream_fifteen_sequence.sv(102) @ 1666: uvm_test_top.env.ulss_agent.sqr@@stream_fifteen_sequence_inst [stream_fifteen_sequence] Sent data word 11
UVM_INFO ./../UVME/agent/ulss_driver.sv(302) @ 1674: uvm_test_top.env.ulss_agent.drv [ulss_driver] [DRV] Grant for stream 15 already active
UVM_INFO ./../UVME/sequence/stream_fifteen_sequence.sv(102) @ 1682: uvm_test_top.env.ulss_agent.sqr@@stream_fifteen_sequence_inst [stream_fifteen_sequence] Sent data word 12
UVM_INFO ./../UVME/agent/ulss_driver.sv(302) @ 1690: uvm_test_top.env.ulss_agent.drv [ulss_driver] [DRV] Grant for stream 15 already active
UVM_INFO ./../UVME/sequence/stream_fifteen_sequence.sv(102) @ 1698: uvm_test_top.env.ulss_agent.sqr@@stream_fifteen_sequence_inst [stream_fifteen_sequence] Sent data word 13
UVM_INFO ./../UVME/agent/ulss_driver.sv(302) @ 1706: uvm_test_top.env.ulss_agent.drv [ulss_driver] [DRV] Grant for stream 15 already active
UVM_INFO ./../UVME/sequence/stream_fifteen_sequence.sv(102) @ 1714: uvm_test_top.env.ulss_agent.sqr@@stream_fifteen_sequence_inst [stream_fifteen_sequence] Sent data word 14
UVM_INFO ./../UVME/agent/ulss_driver.sv(302) @ 1722: uvm_test_top.env.ulss_agent.drv [ulss_driver] [DRV] Grant for stream 15 already active
UVM_INFO ./../UVME/sequence/stream_fifteen_sequence.sv(102) @ 1730: uvm_test_top.env.ulss_agent.sqr@@stream_fifteen_sequence_inst [stream_fifteen_sequence] Sent data word 15
UVM_INFO ./../UVME/agent/ulss_driver.sv(302) @ 1738: uvm_test_top.env.ulss_agent.drv [ulss_driver] [DRV] Grant for stream 15 already active
UVM_INFO ./../UVME/sequence/stream_fifteen_sequence.sv(102) @ 1746: uvm_test_top.env.ulss_agent.sqr@@stream_fifteen_sequence_inst [stream_fifteen_sequence] Sent data word 16
UVM_INFO ./../UVME/agent/ulss_driver.sv(302) @ 1754: uvm_test_top.env.ulss_agent.drv [ulss_driver] [DRV] Grant for stream 15 already active
UVM_INFO ./../UVME/sequence/stream_fifteen_sequence.sv(102) @ 1762: uvm_test_top.env.ulss_agent.sqr@@stream_fifteen_sequence_inst [stream_fifteen_sequence] Sent data word 17
UVM_INFO ./../UVME/agent/ulss_driver.sv(302) @ 1770: uvm_test_top.env.ulss_agent.drv [ulss_driver] [DRV] Grant for stream 15 already active
UVM_INFO ./../UVME/sequence/stream_fifteen_sequence.sv(102) @ 1778: uvm_test_top.env.ulss_agent.sqr@@stream_fifteen_sequence_inst [stream_fifteen_sequence] Sent data word 18
UVM_INFO ./../UVME/agent/ulss_driver.sv(302) @ 1786: uvm_test_top.env.ulss_agent.drv [ulss_driver] [DRV] Grant for stream 15 already active
UVM_INFO ./../UVME/sequence/stream_fifteen_sequence.sv(102) @ 1794: uvm_test_top.env.ulss_agent.sqr@@stream_fifteen_sequence_inst [stream_fifteen_sequence] Sent data word 19
UVM_INFO ./../UVME/agent/ulss_driver.sv(302) @ 1802: uvm_test_top.env.ulss_agent.drv [ulss_driver] [DRV] Grant for stream 15 already active
UVM_INFO ./../UVME/sequence/stream_fifteen_sequence.sv(102) @ 1810: uvm_test_top.env.ulss_agent.sqr@@stream_fifteen_sequence_inst [stream_fifteen_sequence] Sent data word 20
UVM_INFO ./../UVME/agent/ulss_driver.sv(302) @ 1818: uvm_test_top.env.ulss_agent.drv [ulss_driver] [DRV] Grant for stream 15 already active
UVM_INFO ./../UVME/sequence/stream_fifteen_sequence.sv(102) @ 1826: uvm_test_top.env.ulss_agent.sqr@@stream_fifteen_sequence_inst [stream_fifteen_sequence] Sent data word 21
UVM_INFO ./../UVME/agent/ulss_driver.sv(302) @ 1834: uvm_test_top.env.ulss_agent.drv [ulss_driver] [DRV] Grant for stream 15 already active
UVM_INFO ./../UVME/sequence/stream_fifteen_sequence.sv(102) @ 1842: uvm_test_top.env.ulss_agent.sqr@@stream_fifteen_sequence_inst [stream_fifteen_sequence] Sent data word 22
UVM_INFO ./../UVME/agent/ulss_driver.sv(302) @ 1850: uvm_test_top.env.ulss_agent.drv [ulss_driver] [DRV] Grant for stream 15 already active
UVM_INFO ./../UVME/sequence/stream_fifteen_sequence.sv(102) @ 1858: uvm_test_top.env.ulss_agent.sqr@@stream_fifteen_sequence_inst [stream_fifteen_sequence] Sent data word 23
UVM_INFO ./../UVME/agent/ulss_driver.sv(302) @ 1866: uvm_test_top.env.ulss_agent.drv [ulss_driver] [DRV] Grant for stream 15 already active
UVM_INFO ./../UVME/sequence/stream_fifteen_sequence.sv(102) @ 1874: uvm_test_top.env.ulss_agent.sqr@@stream_fifteen_sequence_inst [stream_fifteen_sequence] Sent data word 24
UVM_INFO ./../UVME/agent/ulss_driver.sv(302) @ 1882: uvm_test_top.env.ulss_agent.drv [ulss_driver] [DRV] Grant for stream 15 already active
UVM_INFO ./../UVME/sequence/stream_fifteen_sequence.sv(102) @ 1890: uvm_test_top.env.ulss_agent.sqr@@stream_fifteen_sequence_inst [stream_fifteen_sequence] Sent data word 25
UVM_INFO ./../UVME/agent/ulss_driver.sv(302) @ 1898: uvm_test_top.env.ulss_agent.drv [ulss_driver] [DRV] Grant for stream 15 already active
UVM_INFO ./../UVME/sequence/stream_fifteen_sequence.sv(102) @ 1906: uvm_test_top.env.ulss_agent.sqr@@stream_fifteen_sequence_inst [stream_fifteen_sequence] Sent data word 26
UVM_INFO ./../UVME/agent/ulss_driver.sv(302) @ 1914: uvm_test_top.env.ulss_agent.drv [ulss_driver] [DRV] Grant for stream 15 already active
UVM_INFO ./../UVME/sequence/stream_fifteen_sequence.sv(102) @ 1922: uvm_test_top.env.ulss_agent.sqr@@stream_fifteen_sequence_inst [stream_fifteen_sequence] Sent data word 27
UVM_INFO ./../UVME/agent/ulss_driver.sv(302) @ 1930: uvm_test_top.env.ulss_agent.drv [ulss_driver] [DRV] Grant for stream 15 already active
UVM_INFO ./../UVME/sequence/stream_fifteen_sequence.sv(102) @ 1938: uvm_test_top.env.ulss_agent.sqr@@stream_fifteen_sequence_inst [stream_fifteen_sequence] Sent data word 28
UVM_INFO ./../UVME/agent/ulss_driver.sv(302) @ 1946: uvm_test_top.env.ulss_agent.drv [ulss_driver] [DRV] Grant for stream 15 already active
UVM_INFO ./../UVME/sequence/stream_fifteen_sequence.sv(102) @ 1954: uvm_test_top.env.ulss_agent.sqr@@stream_fifteen_sequence_inst [stream_fifteen_sequence] Sent data word 29
UVM_INFO ./../UVME/agent/ulss_driver.sv(302) @ 1962: uvm_test_top.env.ulss_agent.drv [ulss_driver] [DRV] Grant for stream 15 already active
UVM_INFO ./../UVME/sequence/stream_fifteen_sequence.sv(102) @ 1970: uvm_test_top.env.ulss_agent.sqr@@stream_fifteen_sequence_inst [stream_fifteen_sequence] Sent data word 30
UVM_INFO ./../UVME/agent/ulss_driver.sv(302) @ 1978: uvm_test_top.env.ulss_agent.drv [ulss_driver] [DRV] Grant for stream 15 already active
UVM_INFO ./../UVME/sequence/stream_fifteen_sequence.sv(102) @ 1986: uvm_test_top.env.ulss_agent.sqr@@stream_fifteen_sequence_inst [stream_fifteen_sequence] Sent data word 31
UVM_INFO ./../UVME/agent/ulss_driver.sv(302) @ 1994: uvm_test_top.env.ulss_agent.drv [ulss_driver] [DRV] Grant for stream 15 already active
UVM_INFO ./../UVME/sequence/stream_fifteen_sequence.sv(102) @ 2002: uvm_test_top.env.ulss_agent.sqr@@stream_fifteen_sequence_inst [stream_fifteen_sequence] Sent data word 32
UVM_INFO ./../UVME/agent/ulss_driver.sv(302) @ 2010: uvm_test_top.env.ulss_agent.drv [ulss_driver] [DRV] Grant for stream 15 already active
UVM_INFO ./../UVME/sequence/stream_fifteen_sequence.sv(102) @ 2018: uvm_test_top.env.ulss_agent.sqr@@stream_fifteen_sequence_inst [stream_fifteen_sequence] Sent data word 33
UVM_INFO ./../UVME/agent/ulss_driver.sv(302) @ 2026: uvm_test_top.env.ulss_agent.drv [ulss_driver] [DRV] Grant for stream 15 already active
UVM_INFO ./../UVME/sequence/stream_fifteen_sequence.sv(102) @ 2034: uvm_test_top.env.ulss_agent.sqr@@stream_fifteen_sequence_inst [stream_fifteen_sequence] Sent data word 34
UVM_INFO ./../UVME/agent/ulss_driver.sv(302) @ 2042: uvm_test_top.env.ulss_agent.drv [ulss_driver] [DRV] Grant for stream 15 already active
UVM_INFO ./../UVME/sequence/stream_fifteen_sequence.sv(102) @ 2050: uvm_test_top.env.ulss_agent.sqr@@stream_fifteen_sequence_inst [stream_fifteen_sequence] Sent data word 35
UVM_INFO ./../UVME/agent/ulss_driver.sv(302) @ 2058: uvm_test_top.env.ulss_agent.drv [ulss_driver] [DRV] Grant for stream 15 already active
UVM_INFO ./../UVME/sequence/stream_fifteen_sequence.sv(102) @ 2066: uvm_test_top.env.ulss_agent.sqr@@stream_fifteen_sequence_inst [stream_fifteen_sequence] Sent data word 36
UVM_INFO ./../UVME/agent/ulss_driver.sv(302) @ 2074: uvm_test_top.env.ulss_agent.drv [ulss_driver] [DRV] Grant for stream 15 already active
UVM_INFO ./../UVME/sequence/stream_fifteen_sequence.sv(102) @ 2082: uvm_test_top.env.ulss_agent.sqr@@stream_fifteen_sequence_inst [stream_fifteen_sequence] Sent data word 37
UVM_INFO ./../UVME/agent/ulss_driver.sv(302) @ 2090: uvm_test_top.env.ulss_agent.drv [ulss_driver] [DRV] Grant for stream 15 already active
UVM_INFO ./../UVME/sequence/stream_fifteen_sequence.sv(102) @ 2098: uvm_test_top.env.ulss_agent.sqr@@stream_fifteen_sequence_inst [stream_fifteen_sequence] Sent data word 38
UVM_INFO ./../UVME/agent/ulss_driver.sv(302) @ 2106: uvm_test_top.env.ulss_agent.drv [ulss_driver] [DRV] Grant for stream 15 already active
UVM_INFO ./../UVME/sequence/stream_fifteen_sequence.sv(102) @ 2114: uvm_test_top.env.ulss_agent.sqr@@stream_fifteen_sequence_inst [stream_fifteen_sequence] Sent data word 39
UVM_INFO ./../UVME/agent/ulss_driver.sv(302) @ 2122: uvm_test_top.env.ulss_agent.drv [ulss_driver] [DRV] Grant for stream 15 already active
UVM_INFO ./../UVME/sequence/stream_fifteen_sequence.sv(102) @ 2130: uvm_test_top.env.ulss_agent.sqr@@stream_fifteen_sequence_inst [stream_fifteen_sequence] Sent data word 40
UVM_INFO ./../UVME/agent/ulss_driver.sv(302) @ 2138: uvm_test_top.env.ulss_agent.drv [ulss_driver] [DRV] Grant for stream 15 already active
UVM_INFO ./../UVME/sequence/stream_fifteen_sequence.sv(102) @ 2146: uvm_test_top.env.ulss_agent.sqr@@stream_fifteen_sequence_inst [stream_fifteen_sequence] Sent data word 41
UVM_INFO ./../UVME/agent/ulss_driver.sv(302) @ 2154: uvm_test_top.env.ulss_agent.drv [ulss_driver] [DRV] Grant for stream 15 already active
UVM_INFO ./../UVME/sequence/stream_fifteen_sequence.sv(102) @ 2162: uvm_test_top.env.ulss_agent.sqr@@stream_fifteen_sequence_inst [stream_fifteen_sequence] Sent data word 42
UVM_INFO ./../UVME/agent/ulss_driver.sv(302) @ 2170: uvm_test_top.env.ulss_agent.drv [ulss_driver] [DRV] Grant for stream 15 already active
UVM_INFO ./../UVME/sequence/stream_fifteen_sequence.sv(102) @ 2178: uvm_test_top.env.ulss_agent.sqr@@stream_fifteen_sequence_inst [stream_fifteen_sequence] Sent data word 43
UVM_INFO ./../UVME/agent/ulss_driver.sv(302) @ 2186: uvm_test_top.env.ulss_agent.drv [ulss_driver] [DRV] Grant for stream 15 already active
UVM_INFO ./../UVME/sequence/stream_fifteen_sequence.sv(102) @ 2194: uvm_test_top.env.ulss_agent.sqr@@stream_fifteen_sequence_inst [stream_fifteen_sequence] Sent data word 44
UVM_INFO ./../UVME/agent/ulss_driver.sv(302) @ 2202: uvm_test_top.env.ulss_agent.drv [ulss_driver] [DRV] Grant for stream 15 already active
UVM_INFO ./../UVME/sequence/stream_fifteen_sequence.sv(102) @ 2210: uvm_test_top.env.ulss_agent.sqr@@stream_fifteen_sequence_inst [stream_fifteen_sequence] Sent data word 45
UVM_INFO ./../UVME/agent/ulss_driver.sv(302) @ 2218: uvm_test_top.env.ulss_agent.drv [ulss_driver] [DRV] Grant for stream 15 already active
UVM_INFO ./../UVME/sequence/stream_fifteen_sequence.sv(102) @ 2226: uvm_test_top.env.ulss_agent.sqr@@stream_fifteen_sequence_inst [stream_fifteen_sequence] Sent data word 46
UVM_INFO ./../UVME/agent/ulss_driver.sv(302) @ 2234: uvm_test_top.env.ulss_agent.drv [ulss_driver] [DRV] Grant for stream 15 already active
UVM_INFO ./../UVME/sequence/stream_fifteen_sequence.sv(102) @ 2242: uvm_test_top.env.ulss_agent.sqr@@stream_fifteen_sequence_inst [stream_fifteen_sequence] Sent data word 47
UVM_INFO ./../UVME/agent/ulss_driver.sv(302) @ 2250: uvm_test_top.env.ulss_agent.drv [ulss_driver] [DRV] Grant for stream 15 already active
UVM_INFO ./../UVME/sequence/stream_fifteen_sequence.sv(102) @ 2258: uvm_test_top.env.ulss_agent.sqr@@stream_fifteen_sequence_inst [stream_fifteen_sequence] Sent data word 48
UVM_INFO ./../UVME/agent/ulss_driver.sv(302) @ 2266: uvm_test_top.env.ulss_agent.drv [ulss_driver] [DRV] Grant for stream 15 already active
UVM_INFO ./../UVME/sequence/stream_fifteen_sequence.sv(102) @ 2274: uvm_test_top.env.ulss_agent.sqr@@stream_fifteen_sequence_inst [stream_fifteen_sequence] Sent data word 49
UVM_INFO ./../UVME/agent/ulss_driver.sv(302) @ 2282: uvm_test_top.env.ulss_agent.drv [ulss_driver] [DRV] Grant for stream 15 already active
UVM_INFO ./../UVME/sequence/stream_fifteen_sequence.sv(102) @ 2290: uvm_test_top.env.ulss_agent.sqr@@stream_fifteen_sequence_inst [stream_fifteen_sequence] Sent data word 50
UVM_INFO ./../UVME/agent/ulss_driver.sv(302) @ 2298: uvm_test_top.env.ulss_agent.drv [ulss_driver] [DRV] Grant for stream 15 already active
UVM_INFO ./../UVME/sequence/stream_fifteen_sequence.sv(102) @ 2306: uvm_test_top.env.ulss_agent.sqr@@stream_fifteen_sequence_inst [stream_fifteen_sequence] Sent data word 51
UVM_INFO ./../UVME/agent/ulss_driver.sv(302) @ 2314: uvm_test_top.env.ulss_agent.drv [ulss_driver] [DRV] Grant for stream 15 already active
UVM_INFO ./../UVME/sequence/stream_fifteen_sequence.sv(102) @ 2322: uvm_test_top.env.ulss_agent.sqr@@stream_fifteen_sequence_inst [stream_fifteen_sequence] Sent data word 52
UVM_INFO ./../UVME/agent/ulss_driver.sv(302) @ 2330: uvm_test_top.env.ulss_agent.drv [ulss_driver] [DRV] Grant for stream 15 already active
UVM_INFO ./../UVME/sequence/stream_fifteen_sequence.sv(102) @ 2338: uvm_test_top.env.ulss_agent.sqr@@stream_fifteen_sequence_inst [stream_fifteen_sequence] Sent data word 53
UVM_INFO ./../UVME/agent/ulss_driver.sv(302) @ 2346: uvm_test_top.env.ulss_agent.drv [ulss_driver] [DRV] Grant for stream 15 already active
UVM_INFO ./../UVME/sequence/stream_fifteen_sequence.sv(102) @ 2354: uvm_test_top.env.ulss_agent.sqr@@stream_fifteen_sequence_inst [stream_fifteen_sequence] Sent data word 54
UVM_INFO ./../UVME/agent/ulss_driver.sv(302) @ 2362: uvm_test_top.env.ulss_agent.drv [ulss_driver] [DRV] Grant for stream 15 already active
UVM_INFO ./../UVME/sequence/stream_fifteen_sequence.sv(102) @ 2370: uvm_test_top.env.ulss_agent.sqr@@stream_fifteen_sequence_inst [stream_fifteen_sequence] Sent data word 55
UVM_INFO ./../UVME/agent/ulss_driver.sv(302) @ 2378: uvm_test_top.env.ulss_agent.drv [ulss_driver] [DRV] Grant for stream 15 already active
UVM_INFO ./../UVME/sequence/stream_fifteen_sequence.sv(102) @ 2386: uvm_test_top.env.ulss_agent.sqr@@stream_fifteen_sequence_inst [stream_fifteen_sequence] Sent data word 56
UVM_INFO ./../UVME/agent/ulss_driver.sv(302) @ 2394: uvm_test_top.env.ulss_agent.drv [ulss_driver] [DRV] Grant for stream 15 already active
UVM_INFO ./../UVME/sequence/stream_fifteen_sequence.sv(102) @ 2402: uvm_test_top.env.ulss_agent.sqr@@stream_fifteen_sequence_inst [stream_fifteen_sequence] Sent data word 57
UVM_INFO ./../UVME/agent/ulss_driver.sv(302) @ 2410: uvm_test_top.env.ulss_agent.drv [ulss_driver] [DRV] Grant for stream 15 already active
UVM_INFO ./../UVME/sequence/stream_fifteen_sequence.sv(102) @ 2418: uvm_test_top.env.ulss_agent.sqr@@stream_fifteen_sequence_inst [stream_fifteen_sequence] Sent data word 58
UVM_INFO ./../UVME/agent/ulss_driver.sv(302) @ 2426: uvm_test_top.env.ulss_agent.drv [ulss_driver] [DRV] Grant for stream 15 already active
UVM_INFO ./../UVME/sequence/stream_fifteen_sequence.sv(102) @ 2434: uvm_test_top.env.ulss_agent.sqr@@stream_fifteen_sequence_inst [stream_fifteen_sequence] Sent data word 59
UVM_INFO ./../UVME/agent/ulss_driver.sv(302) @ 2442: uvm_test_top.env.ulss_agent.drv [ulss_driver] [DRV] Grant for stream 15 already active
UVM_INFO ./../UVME/sequence/stream_fifteen_sequence.sv(102) @ 2450: uvm_test_top.env.ulss_agent.sqr@@stream_fifteen_sequence_inst [stream_fifteen_sequence] Sent data word 60
UVM_INFO ./../UVME/agent/ulss_driver.sv(302) @ 2458: uvm_test_top.env.ulss_agent.drv [ulss_driver] [DRV] Grant for stream 15 already active
UVM_INFO ./../UVME/sequence/stream_fifteen_sequence.sv(102) @ 2466: uvm_test_top.env.ulss_agent.sqr@@stream_fifteen_sequence_inst [stream_fifteen_sequence] Sent data word 61
UVM_INFO ./../UVME/agent/ulss_driver.sv(302) @ 2474: uvm_test_top.env.ulss_agent.drv [ulss_driver] [DRV] Grant for stream 15 already active
UVM_INFO ./../UVME/sequence/stream_fifteen_sequence.sv(102) @ 2482: uvm_test_top.env.ulss_agent.sqr@@stream_fifteen_sequence_inst [stream_fifteen_sequence] Sent data word 62
UVM_INFO ./../UVME/agent/ulss_driver.sv(302) @ 2490: uvm_test_top.env.ulss_agent.drv [ulss_driver] [DRV] Grant for stream 15 already active
UVM_INFO ./../UVME/sequence/stream_fifteen_sequence.sv(102) @ 2498: uvm_test_top.env.ulss_agent.sqr@@stream_fifteen_sequence_inst [stream_fifteen_sequence] Sent data word 63
UVM_INFO ./../UVME/agent/ulss_driver.sv(302) @ 2506: uvm_test_top.env.ulss_agent.drv [ulss_driver] [DRV] Grant for stream 15 already active
UVM_INFO ./../UVME/sequence/stream_fifteen_sequence.sv(102) @ 2514: uvm_test_top.env.ulss_agent.sqr@@stream_fifteen_sequence_inst [stream_fifteen_sequence] Sent data word 64
UVM_INFO ./../UVME/agent/ulss_driver.sv(302) @ 2522: uvm_test_top.env.ulss_agent.drv [ulss_driver] [DRV] Grant for stream 15 already active
UVM_INFO ./../UVME/sequence/stream_fifteen_sequence.sv(102) @ 2530: uvm_test_top.env.ulss_agent.sqr@@stream_fifteen_sequence_inst [stream_fifteen_sequence] Sent data word 65
UVM_INFO ./../UVME/agent/ulss_driver.sv(302) @ 2538: uvm_test_top.env.ulss_agent.drv [ulss_driver] [DRV] Grant for stream 15 already active
UVM_INFO ./../UVME/sequence/stream_fifteen_sequence.sv(102) @ 2546: uvm_test_top.env.ulss_agent.sqr@@stream_fifteen_sequence_inst [stream_fifteen_sequence] Sent data word 66
UVM_INFO ./../UVME/agent/ulss_driver.sv(302) @ 2554: uvm_test_top.env.ulss_agent.drv [ulss_driver] [DRV] Grant for stream 15 already active
UVM_INFO ./../UVME/sequence/stream_fifteen_sequence.sv(102) @ 2562: uvm_test_top.env.ulss_agent.sqr@@stream_fifteen_sequence_inst [stream_fifteen_sequence] Sent data word 67
UVM_INFO ./../UVME/agent/ulss_driver.sv(302) @ 2570: uvm_test_top.env.ulss_agent.drv [ulss_driver] [DRV] Grant for stream 15 already active
UVM_INFO ./../UVME/sequence/stream_fifteen_sequence.sv(102) @ 2578: uvm_test_top.env.ulss_agent.sqr@@stream_fifteen_sequence_inst [stream_fifteen_sequence] Sent data word 68
UVM_INFO ./../UVME/agent/ulss_driver.sv(302) @ 2586: uvm_test_top.env.ulss_agent.drv [ulss_driver] [DRV] Grant for stream 15 already active
UVM_INFO ./../UVME/sequence/stream_fifteen_sequence.sv(102) @ 2594: uvm_test_top.env.ulss_agent.sqr@@stream_fifteen_sequence_inst [stream_fifteen_sequence] Sent data word 69
UVM_INFO ./../UVME/agent/ulss_driver.sv(302) @ 2602: uvm_test_top.env.ulss_agent.drv [ulss_driver] [DRV] Grant for stream 15 already active
UVM_INFO ./../UVME/sequence/stream_fifteen_sequence.sv(102) @ 2610: uvm_test_top.env.ulss_agent.sqr@@stream_fifteen_sequence_inst [stream_fifteen_sequence] Sent data word 70
UVM_INFO ./../UVME/agent/ulss_driver.sv(302) @ 2618: uvm_test_top.env.ulss_agent.drv [ulss_driver] [DRV] Grant for stream 15 already active
UVM_INFO ./../UVME/sequence/stream_fifteen_sequence.sv(102) @ 2626: uvm_test_top.env.ulss_agent.sqr@@stream_fifteen_sequence_inst [stream_fifteen_sequence] Sent data word 71
UVM_INFO ./../UVME/agent/ulss_driver.sv(302) @ 2634: uvm_test_top.env.ulss_agent.drv [ulss_driver] [DRV] Grant for stream 15 already active
UVM_INFO ./../UVME/sequence/stream_fifteen_sequence.sv(102) @ 2642: uvm_test_top.env.ulss_agent.sqr@@stream_fifteen_sequence_inst [stream_fifteen_sequence] Sent data word 72
UVM_INFO ./../UVME/agent/ulss_driver.sv(302) @ 2650: uvm_test_top.env.ulss_agent.drv [ulss_driver] [DRV] Grant for stream 15 already active
UVM_INFO ./../UVME/sequence/stream_fifteen_sequence.sv(102) @ 2658: uvm_test_top.env.ulss_agent.sqr@@stream_fifteen_sequence_inst [stream_fifteen_sequence] Sent data word 73
UVM_INFO ./../UVME/agent/ulss_driver.sv(302) @ 2666: uvm_test_top.env.ulss_agent.drv [ulss_driver] [DRV] Grant for stream 15 already active
UVM_INFO ./../UVME/sequence/stream_fifteen_sequence.sv(102) @ 2674: uvm_test_top.env.ulss_agent.sqr@@stream_fifteen_sequence_inst [stream_fifteen_sequence] Sent data word 74
UVM_INFO ./../UVME/agent/ulss_driver.sv(302) @ 2682: uvm_test_top.env.ulss_agent.drv [ulss_driver] [DRV] Grant for stream 15 already active
UVM_INFO ./../UVME/sequence/stream_fifteen_sequence.sv(102) @ 2690: uvm_test_top.env.ulss_agent.sqr@@stream_fifteen_sequence_inst [stream_fifteen_sequence] Sent data word 75
UVM_INFO ./../UVME/agent/ulss_driver.sv(302) @ 2698: uvm_test_top.env.ulss_agent.drv [ulss_driver] [DRV] Grant for stream 15 already active
UVM_INFO ./../UVME/sequence/stream_fifteen_sequence.sv(102) @ 2706: uvm_test_top.env.ulss_agent.sqr@@stream_fifteen_sequence_inst [stream_fifteen_sequence] Sent data word 76
UVM_INFO ./../UVME/agent/ulss_driver.sv(302) @ 2714: uvm_test_top.env.ulss_agent.drv [ulss_driver] [DRV] Grant for stream 15 already active
UVM_INFO ./../UVME/sequence/stream_fifteen_sequence.sv(102) @ 2722: uvm_test_top.env.ulss_agent.sqr@@stream_fifteen_sequence_inst [stream_fifteen_sequence] Sent data word 77
UVM_INFO ./../UVME/agent/ulss_driver.sv(302) @ 2730: uvm_test_top.env.ulss_agent.drv [ulss_driver] [DRV] Grant for stream 15 already active
UVM_INFO ./../UVME/sequence/stream_fifteen_sequence.sv(102) @ 2738: uvm_test_top.env.ulss_agent.sqr@@stream_fifteen_sequence_inst [stream_fifteen_sequence] Sent data word 78
UVM_INFO ./../UVME/agent/ulss_driver.sv(302) @ 2746: uvm_test_top.env.ulss_agent.drv [ulss_driver] [DRV] Grant for stream 15 already active
UVM_INFO ./../UVME/sequence/stream_fifteen_sequence.sv(102) @ 2754: uvm_test_top.env.ulss_agent.sqr@@stream_fifteen_sequence_inst [stream_fifteen_sequence] Sent data word 79
UVM_INFO ./../UVME/agent/ulss_driver.sv(302) @ 2762: uvm_test_top.env.ulss_agent.drv [ulss_driver] [DRV] Grant for stream 15 already active
UVM_INFO ./../UVME/sequence/stream_fifteen_sequence.sv(102) @ 2770: uvm_test_top.env.ulss_agent.sqr@@stream_fifteen_sequence_inst [stream_fifteen_sequence] Sent data word 80
UVM_INFO ./../UVME/agent/ulss_driver.sv(302) @ 2778: uvm_test_top.env.ulss_agent.drv [ulss_driver] [DRV] Grant for stream 15 already active
UVM_INFO ./../UVME/sequence/stream_fifteen_sequence.sv(102) @ 2786: uvm_test_top.env.ulss_agent.sqr@@stream_fifteen_sequence_inst [stream_fifteen_sequence] Sent data word 81
UVM_INFO ./../UVME/agent/ulss_driver.sv(302) @ 2794: uvm_test_top.env.ulss_agent.drv [ulss_driver] [DRV] Grant for stream 15 already active
UVM_INFO ./../UVME/sequence/stream_fifteen_sequence.sv(102) @ 2802: uvm_test_top.env.ulss_agent.sqr@@stream_fifteen_sequence_inst [stream_fifteen_sequence] Sent data word 82
UVM_INFO ./../UVME/agent/ulss_driver.sv(302) @ 2810: uvm_test_top.env.ulss_agent.drv [ulss_driver] [DRV] Grant for stream 15 already active
UVM_INFO ./../UVME/sequence/stream_fifteen_sequence.sv(102) @ 2818: uvm_test_top.env.ulss_agent.sqr@@stream_fifteen_sequence_inst [stream_fifteen_sequence] Sent data word 83
UVM_INFO ./../UVME/agent/ulss_driver.sv(302) @ 2826: uvm_test_top.env.ulss_agent.drv [ulss_driver] [DRV] Grant for stream 15 already active
UVM_INFO ./../UVME/sequence/stream_fifteen_sequence.sv(102) @ 2834: uvm_test_top.env.ulss_agent.sqr@@stream_fifteen_sequence_inst [stream_fifteen_sequence] Sent data word 84
UVM_INFO ./../UVME/agent/ulss_driver.sv(302) @ 2842: uvm_test_top.env.ulss_agent.drv [ulss_driver] [DRV] Grant for stream 15 already active
UVM_INFO ./../UVME/sequence/stream_fifteen_sequence.sv(102) @ 2850: uvm_test_top.env.ulss_agent.sqr@@stream_fifteen_sequence_inst [stream_fifteen_sequence] Sent data word 85
UVM_INFO ./../UVME/agent/ulss_driver.sv(302) @ 2858: uvm_test_top.env.ulss_agent.drv [ulss_driver] [DRV] Grant for stream 15 already active
UVM_INFO ./../UVME/sequence/stream_fifteen_sequence.sv(102) @ 2866: uvm_test_top.env.ulss_agent.sqr@@stream_fifteen_sequence_inst [stream_fifteen_sequence] Sent data word 86
UVM_INFO ./../UVME/agent/ulss_driver.sv(302) @ 2874: uvm_test_top.env.ulss_agent.drv [ulss_driver] [DRV] Grant for stream 15 already active
UVM_INFO ./../UVME/sequence/stream_fifteen_sequence.sv(102) @ 2882: uvm_test_top.env.ulss_agent.sqr@@stream_fifteen_sequence_inst [stream_fifteen_sequence] Sent data word 87
UVM_INFO ./../UVME/agent/ulss_driver.sv(302) @ 2890: uvm_test_top.env.ulss_agent.drv [ulss_driver] [DRV] Grant for stream 15 already active
UVM_INFO ./../UVME/sequence/stream_fifteen_sequence.sv(102) @ 2898: uvm_test_top.env.ulss_agent.sqr@@stream_fifteen_sequence_inst [stream_fifteen_sequence] Sent data word 88
UVM_INFO ./../UVME/agent/ulss_driver.sv(302) @ 2906: uvm_test_top.env.ulss_agent.drv [ulss_driver] [DRV] Grant for stream 15 already active
UVM_INFO ./../UVME/sequence/stream_fifteen_sequence.sv(102) @ 2914: uvm_test_top.env.ulss_agent.sqr@@stream_fifteen_sequence_inst [stream_fifteen_sequence] Sent data word 89
UVM_INFO ./../UVME/agent/ulss_driver.sv(302) @ 2922: uvm_test_top.env.ulss_agent.drv [ulss_driver] [DRV] Grant for stream 15 already active
UVM_INFO ./../UVME/sequence/stream_fifteen_sequence.sv(102) @ 2930: uvm_test_top.env.ulss_agent.sqr@@stream_fifteen_sequence_inst [stream_fifteen_sequence] Sent data word 90
UVM_INFO ./../UVME/agent/ulss_driver.sv(302) @ 2938: uvm_test_top.env.ulss_agent.drv [ulss_driver] [DRV] Grant for stream 15 already active
UVM_INFO ./../UVME/sequence/stream_fifteen_sequence.sv(102) @ 2946: uvm_test_top.env.ulss_agent.sqr@@stream_fifteen_sequence_inst [stream_fifteen_sequence] Sent data word 91
UVM_INFO ./../UVME/agent/ulss_driver.sv(302) @ 2954: uvm_test_top.env.ulss_agent.drv [ulss_driver] [DRV] Grant for stream 15 already active
UVM_INFO ./../UVME/sequence/stream_fifteen_sequence.sv(102) @ 2962: uvm_test_top.env.ulss_agent.sqr@@stream_fifteen_sequence_inst [stream_fifteen_sequence] Sent data word 92
UVM_INFO ./../UVME/agent/ulss_driver.sv(302) @ 2970: uvm_test_top.env.ulss_agent.drv [ulss_driver] [DRV] Grant for stream 15 already active
UVM_INFO ./../UVME/sequence/stream_fifteen_sequence.sv(102) @ 2978: uvm_test_top.env.ulss_agent.sqr@@stream_fifteen_sequence_inst [stream_fifteen_sequence] Sent data word 93
UVM_INFO ./../UVME/agent/ulss_driver.sv(302) @ 2986: uvm_test_top.env.ulss_agent.drv [ulss_driver] [DRV] Grant for stream 15 already active
UVM_INFO ./../UVME/sequence/stream_fifteen_sequence.sv(102) @ 2994: uvm_test_top.env.ulss_agent.sqr@@stream_fifteen_sequence_inst [stream_fifteen_sequence] Sent data word 94
UVM_INFO ./../UVME/agent/ulss_driver.sv(302) @ 3002: uvm_test_top.env.ulss_agent.drv [ulss_driver] [DRV] Grant for stream 15 already active
UVM_INFO ./../UVME/sequence/stream_fifteen_sequence.sv(102) @ 3010: uvm_test_top.env.ulss_agent.sqr@@stream_fifteen_sequence_inst [stream_fifteen_sequence] Sent data word 95
UVM_INFO ./../UVME/agent/ulss_driver.sv(302) @ 3018: uvm_test_top.env.ulss_agent.drv [ulss_driver] [DRV] Grant for stream 15 already active
UVM_INFO ./../UVME/sequence/stream_fifteen_sequence.sv(102) @ 3026: uvm_test_top.env.ulss_agent.sqr@@stream_fifteen_sequence_inst [stream_fifteen_sequence] Sent data word 96
UVM_INFO ./../UVME/agent/ulss_driver.sv(302) @ 3034: uvm_test_top.env.ulss_agent.drv [ulss_driver] [DRV] Grant for stream 15 already active
UVM_INFO ./../UVME/sequence/stream_fifteen_sequence.sv(102) @ 3042: uvm_test_top.env.ulss_agent.sqr@@stream_fifteen_sequence_inst [stream_fifteen_sequence] Sent data word 97
UVM_INFO ./../UVME/agent/ulss_driver.sv(302) @ 3050: uvm_test_top.env.ulss_agent.drv [ulss_driver] [DRV] Grant for stream 15 already active
UVM_INFO ./../UVME/sequence/stream_fifteen_sequence.sv(102) @ 3058: uvm_test_top.env.ulss_agent.sqr@@stream_fifteen_sequence_inst [stream_fifteen_sequence] Sent data word 98
UVM_INFO ./../UVME/agent/ulss_driver.sv(302) @ 3066: uvm_test_top.env.ulss_agent.drv [ulss_driver] [DRV] Grant for stream 15 already active
UVM_INFO ./../UVME/sequence/stream_fifteen_sequence.sv(102) @ 3074: uvm_test_top.env.ulss_agent.sqr@@stream_fifteen_sequence_inst [stream_fifteen_sequence] Sent data word 99
UVM_INFO ./../UVME/agent/ulss_driver.sv(302) @ 3082: uvm_test_top.env.ulss_agent.drv [ulss_driver] [DRV] Grant for stream 15 already active
UVM_INFO ./../UVME/sequence/stream_fifteen_sequence.sv(102) @ 3090: uvm_test_top.env.ulss_agent.sqr@@stream_fifteen_sequence_inst [stream_fifteen_sequence] Sent data word 100
UVM_INFO ./../UVME/agent/ulss_driver.sv(302) @ 3098: uvm_test_top.env.ulss_agent.drv [ulss_driver] [DRV] Grant for stream 15 already active
UVM_INFO ./../UVME/sequence/stream_fifteen_sequence.sv(102) @ 3106: uvm_test_top.env.ulss_agent.sqr@@stream_fifteen_sequence_inst [stream_fifteen_sequence] Sent data word 101
UVM_INFO ./../UVME/agent/ulss_driver.sv(302) @ 3114: uvm_test_top.env.ulss_agent.drv [ulss_driver] [DRV] Grant for stream 15 already active
UVM_INFO ./../UVME/sequence/stream_fifteen_sequence.sv(102) @ 3122: uvm_test_top.env.ulss_agent.sqr@@stream_fifteen_sequence_inst [stream_fifteen_sequence] Sent data word 102
UVM_INFO ./../UVME/agent/ulss_driver.sv(302) @ 3130: uvm_test_top.env.ulss_agent.drv [ulss_driver] [DRV] Grant for stream 15 already active
UVM_INFO ./../UVME/sequence/stream_fifteen_sequence.sv(102) @ 3138: uvm_test_top.env.ulss_agent.sqr@@stream_fifteen_sequence_inst [stream_fifteen_sequence] Sent data word 103
UVM_INFO ./../UVME/agent/ulss_driver.sv(302) @ 3146: uvm_test_top.env.ulss_agent.drv [ulss_driver] [DRV] Grant for stream 15 already active
UVM_INFO ./../UVME/sequence/stream_fifteen_sequence.sv(102) @ 3154: uvm_test_top.env.ulss_agent.sqr@@stream_fifteen_sequence_inst [stream_fifteen_sequence] Sent data word 104
UVM_INFO ./../UVME/agent/ulss_driver.sv(302) @ 3162: uvm_test_top.env.ulss_agent.drv [ulss_driver] [DRV] Grant for stream 15 already active
UVM_INFO ./../UVME/sequence/stream_fifteen_sequence.sv(102) @ 3170: uvm_test_top.env.ulss_agent.sqr@@stream_fifteen_sequence_inst [stream_fifteen_sequence] Sent data word 105
UVM_INFO ./../UVME/agent/ulss_driver.sv(302) @ 3178: uvm_test_top.env.ulss_agent.drv [ulss_driver] [DRV] Grant for stream 15 already active
UVM_INFO ./../UVME/sequence/stream_fifteen_sequence.sv(102) @ 3186: uvm_test_top.env.ulss_agent.sqr@@stream_fifteen_sequence_inst [stream_fifteen_sequence] Sent data word 106
UVM_INFO ./../UVME/agent/ulss_driver.sv(302) @ 3194: uvm_test_top.env.ulss_agent.drv [ulss_driver] [DRV] Grant for stream 15 already active
UVM_INFO ./../UVME/sequence/stream_fifteen_sequence.sv(102) @ 3202: uvm_test_top.env.ulss_agent.sqr@@stream_fifteen_sequence_inst [stream_fifteen_sequence] Sent data word 107
UVM_INFO ./../UVME/agent/ulss_driver.sv(302) @ 3210: uvm_test_top.env.ulss_agent.drv [ulss_driver] [DRV] Grant for stream 15 already active
UVM_INFO ./../UVME/sequence/stream_fifteen_sequence.sv(102) @ 3218: uvm_test_top.env.ulss_agent.sqr@@stream_fifteen_sequence_inst [stream_fifteen_sequence] Sent data word 108
UVM_INFO ./../UVME/agent/ulss_driver.sv(302) @ 3226: uvm_test_top.env.ulss_agent.drv [ulss_driver] [DRV] Grant for stream 15 already active
UVM_INFO ./../UVME/sequence/stream_fifteen_sequence.sv(102) @ 3234: uvm_test_top.env.ulss_agent.sqr@@stream_fifteen_sequence_inst [stream_fifteen_sequence] Sent data word 109
UVM_INFO ./../UVME/agent/ulss_driver.sv(302) @ 3242: uvm_test_top.env.ulss_agent.drv [ulss_driver] [DRV] Grant for stream 15 already active
UVM_INFO ./../UVME/sequence/stream_fifteen_sequence.sv(102) @ 3250: uvm_test_top.env.ulss_agent.sqr@@stream_fifteen_sequence_inst [stream_fifteen_sequence] Sent data word 110
UVM_INFO ./../UVME/agent/ulss_driver.sv(302) @ 3258: uvm_test_top.env.ulss_agent.drv [ulss_driver] [DRV] Grant for stream 15 already active
UVM_INFO ./../UVME/sequence/stream_fifteen_sequence.sv(102) @ 3266: uvm_test_top.env.ulss_agent.sqr@@stream_fifteen_sequence_inst [stream_fifteen_sequence] Sent data word 111
UVM_INFO ./../UVME/agent/ulss_driver.sv(302) @ 3274: uvm_test_top.env.ulss_agent.drv [ulss_driver] [DRV] Grant for stream 15 already active
UVM_INFO ./../UVME/sequence/stream_fifteen_sequence.sv(102) @ 3282: uvm_test_top.env.ulss_agent.sqr@@stream_fifteen_sequence_inst [stream_fifteen_sequence] Sent data word 112
UVM_INFO ./../UVME/agent/ulss_driver.sv(302) @ 3290: uvm_test_top.env.ulss_agent.drv [ulss_driver] [DRV] Grant for stream 15 already active
UVM_INFO ./../UVME/sequence/stream_fifteen_sequence.sv(102) @ 3298: uvm_test_top.env.ulss_agent.sqr@@stream_fifteen_sequence_inst [stream_fifteen_sequence] Sent data word 113
UVM_INFO ./../UVME/agent/ulss_driver.sv(302) @ 3306: uvm_test_top.env.ulss_agent.drv [ulss_driver] [DRV] Grant for stream 15 already active
UVM_INFO ./../UVME/sequence/stream_fifteen_sequence.sv(102) @ 3314: uvm_test_top.env.ulss_agent.sqr@@stream_fifteen_sequence_inst [stream_fifteen_sequence] Sent data word 114
UVM_INFO ./../UVME/agent/ulss_driver.sv(302) @ 3322: uvm_test_top.env.ulss_agent.drv [ulss_driver] [DRV] Grant for stream 15 already active
UVM_INFO ./../UVME/sequence/stream_fifteen_sequence.sv(102) @ 3330: uvm_test_top.env.ulss_agent.sqr@@stream_fifteen_sequence_inst [stream_fifteen_sequence] Sent data word 115
UVM_INFO ./../UVME/agent/ulss_driver.sv(302) @ 3338: uvm_test_top.env.ulss_agent.drv [ulss_driver] [DRV] Grant for stream 15 already active
UVM_INFO ./../UVME/sequence/stream_fifteen_sequence.sv(102) @ 3346: uvm_test_top.env.ulss_agent.sqr@@stream_fifteen_sequence_inst [stream_fifteen_sequence] Sent data word 116
UVM_INFO ./../UVME/agent/ulss_driver.sv(302) @ 3354: uvm_test_top.env.ulss_agent.drv [ulss_driver] [DRV] Grant for stream 15 already active
UVM_INFO ./../UVME/sequence/stream_fifteen_sequence.sv(102) @ 3362: uvm_test_top.env.ulss_agent.sqr@@stream_fifteen_sequence_inst [stream_fifteen_sequence] Sent data word 117
UVM_INFO ./../UVME/agent/ulss_driver.sv(302) @ 3370: uvm_test_top.env.ulss_agent.drv [ulss_driver] [DRV] Grant for stream 15 already active
UVM_INFO ./../UVME/sequence/stream_fifteen_sequence.sv(102) @ 3378: uvm_test_top.env.ulss_agent.sqr@@stream_fifteen_sequence_inst [stream_fifteen_sequence] Sent data word 118
UVM_INFO ./../UVME/agent/ulss_driver.sv(302) @ 3386: uvm_test_top.env.ulss_agent.drv [ulss_driver] [DRV] Grant for stream 15 already active
UVM_INFO ./../UVME/sequence/stream_fifteen_sequence.sv(102) @ 3394: uvm_test_top.env.ulss_agent.sqr@@stream_fifteen_sequence_inst [stream_fifteen_sequence] Sent data word 119
UVM_INFO ./../UVME/agent/ulss_driver.sv(302) @ 3402: uvm_test_top.env.ulss_agent.drv [ulss_driver] [DRV] Grant for stream 15 already active
UVM_INFO ./../UVME/sequence/stream_fifteen_sequence.sv(102) @ 3410: uvm_test_top.env.ulss_agent.sqr@@stream_fifteen_sequence_inst [stream_fifteen_sequence] Sent data word 120
UVM_INFO ./../UVME/agent/ulss_driver.sv(302) @ 3418: uvm_test_top.env.ulss_agent.drv [ulss_driver] [DRV] Grant for stream 15 already active
UVM_INFO ./../UVME/sequence/stream_fifteen_sequence.sv(102) @ 3426: uvm_test_top.env.ulss_agent.sqr@@stream_fifteen_sequence_inst [stream_fifteen_sequence] Sent data word 121
UVM_INFO ./../UVME/agent/ulss_driver.sv(302) @ 3434: uvm_test_top.env.ulss_agent.drv [ulss_driver] [DRV] Grant for stream 15 already active
UVM_INFO ./../UVME/sequence/stream_fifteen_sequence.sv(102) @ 3442: uvm_test_top.env.ulss_agent.sqr@@stream_fifteen_sequence_inst [stream_fifteen_sequence] Sent data word 122
UVM_INFO ./../UVME/agent/ulss_driver.sv(302) @ 3450: uvm_test_top.env.ulss_agent.drv [ulss_driver] [DRV] Grant for stream 15 already active
UVM_INFO ./../UVME/sequence/stream_fifteen_sequence.sv(102) @ 3458: uvm_test_top.env.ulss_agent.sqr@@stream_fifteen_sequence_inst [stream_fifteen_sequence] Sent data word 123
UVM_INFO ./../UVME/agent/ulss_driver.sv(302) @ 3466: uvm_test_top.env.ulss_agent.drv [ulss_driver] [DRV] Grant for stream 15 already active
UVM_INFO ./../UVME/sequence/stream_fifteen_sequence.sv(102) @ 3474: uvm_test_top.env.ulss_agent.sqr@@stream_fifteen_sequence_inst [stream_fifteen_sequence] Sent data word 124
UVM_INFO ./../UVME/agent/ulss_driver.sv(302) @ 3482: uvm_test_top.env.ulss_agent.drv [ulss_driver] [DRV] Grant for stream 15 already active
UVM_INFO ./../UVME/sequence/stream_fifteen_sequence.sv(102) @ 3490: uvm_test_top.env.ulss_agent.sqr@@stream_fifteen_sequence_inst [stream_fifteen_sequence] Sent data word 125
UVM_INFO ./../UVME/agent/ulss_driver.sv(302) @ 3498: uvm_test_top.env.ulss_agent.drv [ulss_driver] [DRV] Grant for stream 15 already active
UVM_INFO ./../UVME/sequence/stream_fifteen_sequence.sv(102) @ 3506: uvm_test_top.env.ulss_agent.sqr@@stream_fifteen_sequence_inst [stream_fifteen_sequence] Sent data word 126
UVM_INFO ./../UVME/agent/ulss_driver.sv(302) @ 3514: uvm_test_top.env.ulss_agent.drv [ulss_driver] [DRV] Grant for stream 15 already active
UVM_INFO ./../UVME/sequence/stream_fifteen_sequence.sv(102) @ 3522: uvm_test_top.env.ulss_agent.sqr@@stream_fifteen_sequence_inst [stream_fifteen_sequence] Sent data word 127
UVM_INFO ./../UVME/agent/ulss_driver.sv(302) @ 3530: uvm_test_top.env.ulss_agent.drv [ulss_driver] [DRV] Grant for stream 15 already active
UVM_INFO ./../UVME/sequence/stream_fifteen_sequence.sv(102) @ 3538: uvm_test_top.env.ulss_agent.sqr@@stream_fifteen_sequence_inst [stream_fifteen_sequence] Sent data word 128
UVM_INFO ./../UVME/agent/ulss_driver.sv(302) @ 3546: uvm_test_top.env.ulss_agent.drv [ulss_driver] [DRV] Grant for stream 15 already active
UVM_INFO ./../UVME/sequence/stream_fifteen_sequence.sv(102) @ 3554: uvm_test_top.env.ulss_agent.sqr@@stream_fifteen_sequence_inst [stream_fifteen_sequence] Sent data word 129
UVM_INFO ./../UVME/agent/ulss_driver.sv(302) @ 3562: uvm_test_top.env.ulss_agent.drv [ulss_driver] [DRV] Grant for stream 15 already active
UVM_INFO ./../UVME/sequence/stream_fifteen_sequence.sv(102) @ 3570: uvm_test_top.env.ulss_agent.sqr@@stream_fifteen_sequence_inst [stream_fifteen_sequence] Sent data word 130
UVM_INFO ./../UVME/agent/ulss_driver.sv(302) @ 3578: uvm_test_top.env.ulss_agent.drv [ulss_driver] [DRV] Grant for stream 15 already active
UVM_INFO ./../UVME/sequence/stream_fifteen_sequence.sv(102) @ 3586: uvm_test_top.env.ulss_agent.sqr@@stream_fifteen_sequence_inst [stream_fifteen_sequence] Sent data word 131
UVM_INFO ./../UVME/agent/ulss_driver.sv(302) @ 3594: uvm_test_top.env.ulss_agent.drv [ulss_driver] [DRV] Grant for stream 15 already active
UVM_INFO ./../UVME/sequence/stream_fifteen_sequence.sv(102) @ 3602: uvm_test_top.env.ulss_agent.sqr@@stream_fifteen_sequence_inst [stream_fifteen_sequence] Sent data word 132
UVM_INFO ./../UVME/agent/ulss_driver.sv(302) @ 3610: uvm_test_top.env.ulss_agent.drv [ulss_driver] [DRV] Grant for stream 15 already active
UVM_INFO ./../UVME/sequence/stream_fifteen_sequence.sv(102) @ 3618: uvm_test_top.env.ulss_agent.sqr@@stream_fifteen_sequence_inst [stream_fifteen_sequence] Sent data word 133
UVM_INFO ./../UVME/agent/ulss_driver.sv(302) @ 3626: uvm_test_top.env.ulss_agent.drv [ulss_driver] [DRV] Grant for stream 15 already active
UVM_INFO ./../UVME/sequence/stream_fifteen_sequence.sv(102) @ 3634: uvm_test_top.env.ulss_agent.sqr@@stream_fifteen_sequence_inst [stream_fifteen_sequence] Sent data word 134
UVM_INFO ./../UVME/agent/ulss_driver.sv(302) @ 3642: uvm_test_top.env.ulss_agent.drv [ulss_driver] [DRV] Grant for stream 15 already active
UVM_INFO ./../UVME/sequence/stream_fifteen_sequence.sv(102) @ 3650: uvm_test_top.env.ulss_agent.sqr@@stream_fifteen_sequence_inst [stream_fifteen_sequence] Sent data word 135
UVM_INFO ./../UVME/agent/ulss_driver.sv(302) @ 3658: uvm_test_top.env.ulss_agent.drv [ulss_driver] [DRV] Grant for stream 15 already active
UVM_INFO ./../UVME/sequence/stream_fifteen_sequence.sv(102) @ 3666: uvm_test_top.env.ulss_agent.sqr@@stream_fifteen_sequence_inst [stream_fifteen_sequence] Sent data word 136
UVM_INFO ./../UVME/agent/ulss_driver.sv(302) @ 3674: uvm_test_top.env.ulss_agent.drv [ulss_driver] [DRV] Grant for stream 15 already active
UVM_INFO ./../UVME/sequence/stream_fifteen_sequence.sv(102) @ 3682: uvm_test_top.env.ulss_agent.sqr@@stream_fifteen_sequence_inst [stream_fifteen_sequence] Sent data word 137
UVM_INFO ./../UVME/agent/ulss_driver.sv(302) @ 3690: uvm_test_top.env.ulss_agent.drv [ulss_driver] [DRV] Grant for stream 15 already active
UVM_INFO ./../UVME/sequence/stream_fifteen_sequence.sv(102) @ 3698: uvm_test_top.env.ulss_agent.sqr@@stream_fifteen_sequence_inst [stream_fifteen_sequence] Sent data word 138
UVM_INFO ./../UVME/agent/ulss_driver.sv(302) @ 3706: uvm_test_top.env.ulss_agent.drv [ulss_driver] [DRV] Grant for stream 15 already active
UVM_INFO ./../UVME/sequence/stream_fifteen_sequence.sv(102) @ 3714: uvm_test_top.env.ulss_agent.sqr@@stream_fifteen_sequence_inst [stream_fifteen_sequence] Sent data word 139
UVM_INFO ./../UVME/agent/ulss_driver.sv(302) @ 3722: uvm_test_top.env.ulss_agent.drv [ulss_driver] [DRV] Grant for stream 15 already active
UVM_INFO ./../UVME/sequence/stream_fifteen_sequence.sv(102) @ 3730: uvm_test_top.env.ulss_agent.sqr@@stream_fifteen_sequence_inst [stream_fifteen_sequence] Sent data word 140
UVM_INFO ./../UVME/agent/ulss_driver.sv(302) @ 3738: uvm_test_top.env.ulss_agent.drv [ulss_driver] [DRV] Grant for stream 15 already active
UVM_INFO ./../UVME/sequence/stream_fifteen_sequence.sv(102) @ 3746: uvm_test_top.env.ulss_agent.sqr@@stream_fifteen_sequence_inst [stream_fifteen_sequence] Sent data word 141
UVM_INFO ./../UVME/agent/ulss_driver.sv(302) @ 3754: uvm_test_top.env.ulss_agent.drv [ulss_driver] [DRV] Grant for stream 15 already active
UVM_INFO ./../UVME/sequence/stream_fifteen_sequence.sv(102) @ 3762: uvm_test_top.env.ulss_agent.sqr@@stream_fifteen_sequence_inst [stream_fifteen_sequence] Sent data word 142
UVM_INFO ./../UVME/agent/ulss_driver.sv(302) @ 3770: uvm_test_top.env.ulss_agent.drv [ulss_driver] [DRV] Grant for stream 15 already active
UVM_INFO ./../UVME/sequence/stream_fifteen_sequence.sv(110) @ 3778: uvm_test_top.env.ulss_agent.sqr@@stream_fifteen_sequence_inst [stream_fifteen_sequence] Sent last word with EOP asserted
UVM_INFO ./../UVME/sequence/stream_fifteen_sequence.sv(119) @ 3790: uvm_test_top.env.ulss_agent.sqr@@stream_fifteen_sequence_inst [stream_fifteen_sequence] stream_fifteen_sequence completed
UVM_INFO ./../UVME/tests/stream_fifteen_test.sv(36) @ 3790: uvm_test_top [stream_fifteen_test] stream_fifteen_test scenario 2 is completed
UVM_WARNING ./../UVME/agent/ulss_driver.sv(97) @ 400006: uvm_test_top.env.ulss_agent.drv [ulss_driver] Global simulation timeout reached (100000 cycles), ending simulation
UVM_INFO /tools/cadence/INCISIVE152/tools/methodology/UVM/CDNS-1.1d/sv/src/base/uvm_objection.svh(1268) @ 400010: reporter [TEST_DONE] 'run' phase is ready to proceed to the 'extract' phase

--- UVM Report catcher Summary ---


Number of demoted UVM_FATAL reports  :    0
Number of demoted UVM_ERROR reports  :    0
Number of demoted UVM_WARNING reports:    0
Number of caught UVM_FATAL reports   :    0
Number of caught UVM_ERROR reports   :    0
Number of caught UVM_WARNING reports :    0

--- UVM Report Summary ---

** Report counts by severity
UVM_INFO :  302
UVM_WARNING :   19
UVM_ERROR :   18
UVM_FATAL :    0
** Report counts by id
[RNTST]     1
[TEST_DONE]     1
[UVMTOP]     1
[stream_fifteen_sequence]   148
[stream_fifteen_test]     2
[ulss_driver]   183
[ulss_monitor]     2
[uvm_test_top]     1
Simulation complete via $finish(1) at time 400010 NS + 45
/tools/cadence/INCISIVE152/tools/methodology/UVM/CDNS-1.1d/sv/src/base/uvm_root.svh:457     $finish;
ncsim> exit
TOOL:	irun(64)	15.20-s051: Exiting on Feb 11, 2019 at 20:46:41 IST  (total: 00:00:05)
